2025-10-29 06:43:20,315 - orchestrator - INFO - Registering agent: AgentOne
2025-10-29 06:43:20,315 - orchestrator - INFO - Registering agent: AgentTwo
2025-10-29 06:43:20,325 - orchestrator - INFO - Registering agent: AgentOne
2025-10-29 06:43:20,325 - orchestrator - INFO - Registering agent: AgentTwo
2025-10-29 06:43:20,325 - orchestrator - INFO - Executing agents concurrently for report_id: test_report_id_success, token_id: test_token_id
2025-10-29 06:43:20,325 - orchestrator - INFO - Executing agents for report_id: test_report_id_success, token_id: test_token_id
2025-10-29 06:43:20,325 - orchestrator - INFO - Agent AgentOne completed for report test_report_id_success.
2025-10-29 06:43:20,325 - orchestrator - INFO - Agent AgentTwo completed for report test_report_id_success.
2025-10-29 06:43:20,325 - orchestrator - INFO - Aggregating results from executed agents.
2025-10-29 06:43:20,325 - orchestrator - INFO - Report test_report_id_success status updated to completed.
2025-10-29 06:43:20,328 - orchestrator - INFO - Registering agent: AgentOne
2025-10-29 06:43:20,328 - orchestrator - INFO - Registering agent: AgentFailing
2025-10-29 06:43:20,328 - orchestrator - INFO - Executing agents concurrently for report_id: test_report_id_failure, token_id: test_token_id
2025-10-29 06:43:20,328 - orchestrator - INFO - Executing agents for report_id: test_report_id_failure, token_id: test_token_id
2025-10-29 06:43:20,328 - orchestrator - INFO - Agent AgentOne completed for report test_report_id_failure.
2025-10-29 06:43:20,328 - orchestrator - ERROR - Agent AgentFailing failed for report test_report_id_failure
Traceback (most recent call last):
  File "/home/repositories/LumintelAnalytics/ChainReport-API/backend/app/core/orchestrator.py", line 48, in execute_agents
    result = await asyncio.wait_for(task, timeout=10) # Added timeout
             ^^^^^^^^^^^^^^^^^^^^^^^^^^^^^^^^^^^^^^^^
  File "/usr/lib/python3.13/asyncio/tasks.py", line 507, in wait_for
    return await fut
           ^^^^^^^^^
  File "/usr/lib/python3.13/unittest/mock.py", line 2321, in _execute_mock_call
    raise effect
Exception: Agent failed
2025-10-29 06:43:20,330 - orchestrator - INFO - Aggregating results from executed agents.
2025-10-29 06:43:20,330 - orchestrator - WARNING - Report test_report_id_failure completed with partial success due to agent failures.
2025-10-29 06:43:20,330 - orchestrator - INFO - Report test_report_id_failure status updated to partial_success.
2025-10-29 06:43:20,331 - orchestrator - INFO - Registering agent: a
2025-10-29 06:43:20,333 - orchestrator - INFO - Registering agent: dummy_agent
2025-10-29 06:43:30,583 - api - INFO - Received report generation request for token_id: test_token
2025-10-29 06:43:30,584 - services - INFO - Generating new report for token_id: test_token
2025-10-29 06:43:30,586 - api - INFO - Received data request for report_id: ec48b321-b775-46cb-9def-7baed14a8909
2025-10-29 06:43:30,586 - services - INFO - Attempting to retrieve data for report_id: ec48b321-b775-46cb-9def-7baed14a8909
2025-10-29 06:43:30,586 - services - INFO - Report ec48b321-b775-46cb-9def-7baed14a8909 is in status: processing, returning status only.
2025-10-29 06:43:30,586 - api - WARNING - Report ec48b321-b775-46cb-9def-7baed14a8909 is still processing.
2025-10-29 06:43:30,592 - api - INFO - Received report generation request for token_id: test_token
2025-10-29 06:43:30,592 - services - INFO - Generating new report for token_id: test_token
2025-10-29 06:43:30,593 - orchestrator - INFO - Executing agents concurrently for report_id: d9d6c38b-053b-4f05-b53a-33300aad0949, token_id: test_token
2025-10-29 06:43:30,593 - orchestrator - INFO - Executing agents for report_id: d9d6c38b-053b-4f05-b53a-33300aad0949, token_id: test_token
2025-10-29 06:43:32,594 - orchestrator - INFO - Agent AgentOne completed for report d9d6c38b-053b-4f05-b53a-33300aad0949.
2025-10-29 06:43:32,594 - orchestrator - INFO - Agent AgentTwo completed for report d9d6c38b-053b-4f05-b53a-33300aad0949.
2025-10-29 06:43:32,594 - orchestrator - INFO - Aggregating results from executed agents.
2025-10-29 06:43:32,595 - orchestrator - INFO - Report d9d6c38b-053b-4f05-b53a-33300aad0949 status updated to completed.
2025-10-29 06:43:32,597 - api - INFO - Received status request for report_id: d9d6c38b-053b-4f05-b53a-33300aad0949
2025-10-29 06:43:32,597 - services - INFO - Retrieving status for report_id: d9d6c38b-053b-4f05-b53a-33300aad0949 from memory.
2025-10-29 06:43:32,598 - api - INFO - Received data request for report_id: d9d6c38b-053b-4f05-b53a-33300aad0949
2025-10-29 06:43:32,598 - services - INFO - Attempting to retrieve data for report_id: d9d6c38b-053b-4f05-b53a-33300aad0949
2025-10-29 06:43:32,598 - services - INFO - Report d9d6c38b-053b-4f05-b53a-33300aad0949 is completed, returning data.
2025-10-29 06:43:32,598 - api - INFO - Returning data for report_id: d9d6c38b-053b-4f05-b53a-33300aad0949
2025-10-29 06:43:32,606 - api - INFO - Received data request for report_id: non_existent_report
2025-10-29 06:43:32,606 - services - INFO - Attempting to retrieve data for report_id: non_existent_report
2025-10-29 06:43:32,606 - services - WARNING - Report with id non_existent_report not found when attempting to retrieve data.
2025-10-29 06:43:32,607 - api - ERROR - Report with id non_existent_report not found or not completed for data request.
